Using pre-set license
Built from '2020.3/staging' branch; Version is '2020.3.10f1 (297d780c91bc) revision 2719096'; Using compiler version '192528614'; Build Type 'Release'
OS: 'Windows 10 Home; OS build 19044.1526; Version 2009; 64bit' Language: 'en' Physical Memory: 16299 MB
BatchMode: 1, IsHumanControllingUs: 0, StartBugReporterOnCrash: 0, Is64bit: 1, IsPro: 0

 COMMAND LINE ARGUMENTS:
C:\Program Files\Unity\Hub\Editor\2020.3.10f1\Editor\Unity.exe
-adb2
-batchMode
-noUpm
-name
AssetImportWorker0
-projectPath
C:/Users/jpret/Desktop/New folder/Envrionment Auto Sensing/Jeremy Pretty CSC 525 Final Project
-logFile
Logs/AssetImportWorker0.log
-srvPort
52309
Successfully changed project path to: C:/Users/jpret/Desktop/New folder/Envrionment Auto Sensing/Jeremy Pretty CSC 525 Final Project
C:/Users/jpret/Desktop/New folder/Envrionment Auto Sensing/Jeremy Pretty CSC 525 Final Project
Using Asset Import Pipeline V2.
Refreshing native plugins compatible for Editor in 31.38 ms, found 2 plugins.
Preloading 0 native plugins for Editor in 0.00 ms.
Initialize engine version: 2020.3.10f1 (297d780c91bc)
[Subsystems] Discovering subsystems at path C:/Program Files/Unity/Hub/Editor/2020.3.10f1/Editor/Data/Resources/UnitySubsystems
[Subsystems] Discovering subsystems at path C:/Users/jpret/Desktop/New folder/Envrionment Auto Sensing/Jeremy Pretty CSC 525 Final Project/Assets
GfxDevice: creating device client; threaded=0
Direct3D:
    Version:  Direct3D 11.0 [level 11.1]
    Renderer: NVIDIA GeForce GTX 1070 (ID=0x1b81)
    Vendor:   
    VRAM:     7998 MB
    Driver:   30.0.14.9709
Initialize mono
Mono path[0] = 'C:/Program Files/Unity/Hub/Editor/2020.3.10f1/Editor/Data/Managed'
Mono path[1] = 'C:/Program Files/Unity/Hub/Editor/2020.3.10f1/Editor/Data/MonoBleedingEdge/lib/mono/unityjit'
Mono config path = 'C:/Program Files/Unity/Hub/Editor/2020.3.10f1/Editor/Data/MonoBleedingEdge/etc'
Using monoOptions --debugger-agent=transport=dt_socket,embedding=1,server=y,suspend=n,address=127.0.0.1:56440
Begin MonoManager ReloadAssembly
Registering precompiled unity dll's ...
Register platform support module: C:/Program Files/Unity/Hub/Editor/2020.3.10f1/Editor/Data/PlaybackEngines/WebGLSupport/UnityEditor.WebGL.Extensions.dll
Register platform support module: C:/Program Files/Unity/Hub/Editor/2020.3.10f1/Editor/Data/PlaybackEngines/WindowsStandaloneSupport/UnityEditor.WindowsStandalone.Extensions.dll
Register platform support module: C:/Program Files/Unity/Hub/Editor/2020.3.10f1/Editor/Data/PlaybackEngines/LinuxStandaloneSupport/UnityEditor.LinuxStandalone.Extensions.dll
Registered in 0.003054 seconds.
Native extension for LinuxStandalone target not found
Native extension for WindowsStandalone target not found
Native extension for WebGL target not found
Refreshing native plugins compatible for Editor in 67.05 ms, found 2 plugins.
Preloading 0 native plugins for Editor in 0.00 ms.
Mono: successfully reloaded assembly
- Completed reload, in  1.892 seconds
Platform modules already initialized, skipping
Registering precompiled user dll's ...
Registered in 0.005436 seconds.
Begin MonoManager ReloadAssembly
Native extension for LinuxStandalone target not found
Native extension for WindowsStandalone target not found
Native extension for WebGL target not found
Refreshing native plugins compatible for Editor in 0.31 ms, found 2 plugins.
Preloading 0 native plugins for Editor in 0.00 ms.
Mono: successfully reloaded assembly
- Completed reload, in  1.189 seconds
Platform modules already initialized, skipping
========================================================================
Worker process is ready to serve import requests
Launched and connected shader compiler UnityShaderCompiler.exe after 0.05 seconds
Refreshing native plugins compatible for Editor in 0.59 ms, found 2 plugins.
Preloading 0 native plugins for Editor in 0.00 ms.
Unloading 1391 Unused Serialized files (Serialized files now loaded: 0)
System memory in use before: 65.3 MB.
System memory in use after: 65.3 MB.

Unloading 19 unused Assets to reduce memory usage. Loaded Objects now: 1824.
Total: 2.449300 ms (FindLiveObjects: 0.125100 ms CreateObjectMapping: 0.040500 ms MarkObjects: 2.181600 ms  DeleteObjects: 0.101000 ms)

========================================================================
Received Import Request.
  path: Assets/Scenes
  artifactKey: Guid(4c2e467a651fd97428e291341153a020) Importer(815301076,1909f56bfc062723c751e8b465ee728b)
Start importing Assets/Scenes using Guid(4c2e467a651fd97428e291341153a020) Importer(815301076,1909f56bfc062723c751e8b465ee728b)  -> (artifact id: 'f3d83d250354b1ec581605e559654819') in 0.008430 seconds
  Import took 0.011286 seconds .

========================================================================
Received Import Request.
  Time since last request: 0.000208 seconds.
  path: Assets/BallBalance.unity
  artifactKey: Guid(4c7aa9d19a0b043ad9e7f2ed9e2fc729) Importer(815301076,1909f56bfc062723c751e8b465ee728b)
Start importing Assets/BallBalance.unity using Guid(4c7aa9d19a0b043ad9e7f2ed9e2fc729) Importer(815301076,1909f56bfc062723c751e8b465ee728b)  -> (artifact id: 'd6a00f698faf8921280f54ad4633a273') in 0.015924 seconds
  Import took 0.018910 seconds .

========================================================================
Received Import Request.
  Time since last request: 1.728522 seconds.
  path: Assets/BallBalance.unity
  artifactKey: Guid(4c7aa9d19a0b043ad9e7f2ed9e2fc729) Importer(815301076,1909f56bfc062723c751e8b465ee728b)
Start importing Assets/BallBalance.unity using Guid(4c7aa9d19a0b043ad9e7f2ed9e2fc729) Importer(815301076,1909f56bfc062723c751e8b465ee728b)  -> (artifact id: 'd6a00f698faf8921280f54ad4633a273') in 0.002344 seconds
  Import took 0.005162 seconds .

========================================================================
Received Import Request.
  Time since last request: 32.056874 seconds.
  path: Assets/BallState.cs
  artifactKey: Guid(c3fbec14c0ab6463a82b5ec47deaf6f7) Importer(815301076,1909f56bfc062723c751e8b465ee728b)
Start importing Assets/BallState.cs using Guid(c3fbec14c0ab6463a82b5ec47deaf6f7) Importer(815301076,1909f56bfc062723c751e8b465ee728b)  -> (artifact id: '05c764d7030cb5ff98cc745265f2f36f') in 0.055698 seconds
  Import took 0.058538 seconds .

========================================================================
Received Import Request.
  Time since last request: 1.389072 seconds.
  path: Assets/Brain.cs
  artifactKey: Guid(57211e749a3a9468c9086e8f1ce5c5de) Importer(815301076,1909f56bfc062723c751e8b465ee728b)
Start importing Assets/Brain.cs using Guid(57211e749a3a9468c9086e8f1ce5c5de) Importer(815301076,1909f56bfc062723c751e8b465ee728b)  -> (artifact id: 'c1657f79909886c4d98c27c4f3032cf9') in 0.005628 seconds
  Import took 0.008618 seconds .

========================================================================
Received Import Request.
  Time since last request: 0.026207 seconds.
  path: Assets/Brain.cs
  artifactKey: Guid(57211e749a3a9468c9086e8f1ce5c5de) Importer(815301076,1909f56bfc062723c751e8b465ee728b)
Start importing Assets/Brain.cs using Guid(57211e749a3a9468c9086e8f1ce5c5de) Importer(815301076,1909f56bfc062723c751e8b465ee728b)  -> (artifact id: 'c1657f79909886c4d98c27c4f3032cf9') in 0.002658 seconds
  Import took 0.005262 seconds .

========================================================================
Received Prepare
Registering precompiled user dll's ...
Registered in 0.006701 seconds.
Begin MonoManager ReloadAssembly
Native extension for LinuxStandalone target not found
Native extension for WindowsStandalone target not found
Native extension for WebGL target not found
Refreshing native plugins compatible for Editor in 0.27 ms, found 2 plugins.
Preloading 0 native plugins for Editor in 0.00 ms.
Mono: successfully reloaded assembly
- Completed reload, in  1.529 seconds
Platform modules already initialized, skipping
Refreshing native plugins compatible for Editor in 0.28 ms, found 2 plugins.
Preloading 0 native plugins for Editor in 0.00 ms.
Unloading 1386 Unused Serialized files (Serialized files now loaded: 0)
System memory in use before: 65.2 MB.
System memory in use after: 65.3 MB.

Unloading 14 unused Assets to reduce memory usage. Loaded Objects now: 1827.
Total: 2.256700 ms (FindLiveObjects: 0.116800 ms CreateObjectMapping: 0.038300 ms MarkObjects: 2.051700 ms  DeleteObjects: 0.049100 ms)

========================================================================
Received Import Request.
  Time since last request: 38.066358 seconds.
  path: Assets/ANN/ANN.cs
  artifactKey: Guid(098fdf32b1f3943a69d9caa371fd4648) Importer(815301076,1909f56bfc062723c751e8b465ee728b)
Start importing Assets/ANN/ANN.cs using Guid(098fdf32b1f3943a69d9caa371fd4648) Importer(815301076,1909f56bfc062723c751e8b465ee728b)  -> (artifact id: '9c0ebac3dfcdc3f1ff656315c491c6c2') in 0.012918 seconds
  Import took 0.017770 seconds .

========================================================================
Received Import Request.
  Time since last request: 6.872546 seconds.
  path: Assets/ANN/Layer.cs
  artifactKey: Guid(2e2a431cd9b234820a0349b87d2917e2) Importer(815301076,1909f56bfc062723c751e8b465ee728b)
Start importing Assets/ANN/Layer.cs using Guid(2e2a431cd9b234820a0349b87d2917e2) Importer(815301076,1909f56bfc062723c751e8b465ee728b)  -> (artifact id: 'b366298fd336604bfe8604f934102e1f') in 0.005797 seconds
  Import took 0.008763 seconds .

========================================================================
Received Import Request.
  Time since last request: 1.931773 seconds.
  path: Assets/ANN/Neuron.cs
  artifactKey: Guid(b6b61afa606304a198b94e088779fc4a) Importer(815301076,1909f56bfc062723c751e8b465ee728b)
Start importing Assets/ANN/Neuron.cs using Guid(b6b61afa606304a198b94e088779fc4a) Importer(815301076,1909f56bfc062723c751e8b465ee728b)  -> (artifact id: '9ef911ed909d344e5078964bc2584894') in 0.006346 seconds
  Import took 0.009277 seconds .

========================================================================
Received Prepare
Registering precompiled user dll's ...
Registered in 0.005334 seconds.
Begin MonoManager ReloadAssembly
Native extension for LinuxStandalone target not found
Native extension for WindowsStandalone target not found
Native extension for WebGL target not found
Refreshing native plugins compatible for Editor in 0.27 ms, found 2 plugins.
Preloading 0 native plugins for Editor in 0.00 ms.
Mono: successfully reloaded assembly
- Completed reload, in  1.106 seconds
Platform modules already initialized, skipping
Refreshing native plugins compatible for Editor in 0.34 ms, found 2 plugins.
Preloading 0 native plugins for Editor in 0.00 ms.
Unloading 1386 Unused Serialized files (Serialized files now loaded: 0)
System memory in use before: 65.2 MB.
System memory in use after: 65.3 MB.

Unloading 14 unused Assets to reduce memory usage. Loaded Objects now: 1830.
Total: 1.968400 ms (FindLiveObjects: 0.159900 ms CreateObjectMapping: 0.041300 ms MarkObjects: 1.687300 ms  DeleteObjects: 0.078900 ms)

========================================================================
Received Import Request.
  Time since last request: 101.878999 seconds.
  path: Assets/Brain.cs
  artifactKey: Guid(57211e749a3a9468c9086e8f1ce5c5de) Importer(815301076,1909f56bfc062723c751e8b465ee728b)
Start importing Assets/Brain.cs using Guid(57211e749a3a9468c9086e8f1ce5c5de) Importer(815301076,1909f56bfc062723c751e8b465ee728b)  -> (artifact id: 'f2d8cb121b7cff4fe59a68595a6e1dcd') in 0.004961 seconds
  Import took 0.007593 seconds .

========================================================================
Received Prepare
Registering precompiled user dll's ...
Registered in 0.006518 seconds.
Begin MonoManager ReloadAssembly
Native extension for LinuxStandalone target not found
Native extension for WindowsStandalone target not found
Native extension for WebGL target not found
Refreshing native plugins compatible for Editor in 0.76 ms, found 2 plugins.
Preloading 0 native plugins for Editor in 0.00 ms.
Mono: successfully reloaded assembly
- Completed reload, in  1.340 seconds
Platform modules already initialized, skipping
Refreshing native plugins compatible for Editor in 0.30 ms, found 2 plugins.
Preloading 0 native plugins for Editor in 0.00 ms.
Unloading 1386 Unused Serialized files (Serialized files now loaded: 0)
System memory in use before: 65.3 MB.
System memory in use after: 65.3 MB.

Unloading 14 unused Assets to reduce memory usage. Loaded Objects now: 1833.
Total: 2.120200 ms (FindLiveObjects: 0.162100 ms CreateObjectMapping: 0.053800 ms MarkObjects: 1.792800 ms  DeleteObjects: 0.110200 ms)

========================================================================
Received Prepare
Refreshing native plugins compatible for Editor in 3.36 ms, found 2 plugins.
Preloading 0 native plugins for Editor in 0.00 ms.
Unloading 12 Unused Serialized files (Serialized files now loaded: 0)
System memory in use before: 37.6 MB.
System memory in use after: 37.7 MB.

Unloading 12 unused Assets to reduce memory usage. Loaded Objects now: 1833.
Total: 3.108800 ms (FindLiveObjects: 0.116400 ms CreateObjectMapping: 0.038400 ms MarkObjects: 2.875100 ms  DeleteObjects: 0.077900 ms)

========================================================================
Received Import Request.
  Time since last request: 2568.745871 seconds.
  path: Assets/ANN
  artifactKey: Guid(f0079ff6457d5044db6848d999f9906b) Importer(815301076,1909f56bfc062723c751e8b465ee728b)
Start importing Assets/ANN using Guid(f0079ff6457d5044db6848d999f9906b) Importer(815301076,1909f56bfc062723c751e8b465ee728b)  -> (artifact id: 'f269bb53c64fb1cbfab369805b3f00a8') in 0.038953 seconds
  Import took 0.087202 seconds .

========================================================================
Received Prepare
Registering precompiled user dll's ...
Registered in 0.004980 seconds.
Begin MonoManager ReloadAssembly
Native extension for LinuxStandalone target not found
Native extension for WindowsStandalone target not found
Native extension for WebGL target not found
Refreshing native plugins compatible for Editor in 0.28 ms, found 2 plugins.
Preloading 0 native plugins for Editor in 0.00 ms.
Mono: successfully reloaded assembly
- Completed reload, in  1.297 seconds
Platform modules already initialized, skipping
Refreshing native plugins compatible for Editor in 0.81 ms, found 2 plugins.
Preloading 0 native plugins for Editor in 0.00 ms.
Unloading 1386 Unused Serialized files (Serialized files now loaded: 0)
System memory in use before: 65.3 MB.
System memory in use after: 65.3 MB.

Unloading 14 unused Assets to reduce memory usage. Loaded Objects now: 1836.
Total: 2.965800 ms (FindLiveObjects: 0.308500 ms CreateObjectMapping: 0.090100 ms MarkObjects: 2.483800 ms  DeleteObjects: 0.081600 ms)

========================================================================
Received Prepare
Registering precompiled user dll's ...
Registered in 0.005702 seconds.
Begin MonoManager ReloadAssembly
Native extension for LinuxStandalone target not found
Native extension for WindowsStandalone target not found
Native extension for WebGL target not found
Refreshing native plugins compatible for Editor in 0.46 ms, found 2 plugins.
Preloading 0 native plugins for Editor in 0.00 ms.
Mono: successfully reloaded assembly
- Completed reload, in  1.371 seconds
Platform modules already initialized, skipping
Refreshing native plugins compatible for Editor in 0.29 ms, found 2 plugins.
Preloading 0 native plugins for Editor in 0.00 ms.
Unloading 1386 Unused Serialized files (Serialized files now loaded: 0)
System memory in use before: 65.3 MB.
System memory in use after: 65.4 MB.

Unloading 14 unused Assets to reduce memory usage. Loaded Objects now: 1839.
Total: 2.979400 ms (FindLiveObjects: 0.334500 ms CreateObjectMapping: 0.147000 ms MarkObjects: 2.417300 ms  DeleteObjects: 0.078500 ms)

========================================================================
Received Prepare
Refreshing native plugins compatible for Editor in 4.62 ms, found 2 plugins.
Preloading 0 native plugins for Editor in 0.00 ms.
Unloading 12 Unused Serialized files (Serialized files now loaded: 0)
System memory in use before: 37.6 MB.
System memory in use after: 37.7 MB.

Unloading 12 unused Assets to reduce memory usage. Loaded Objects now: 1839.
Total: 14.885600 ms (FindLiveObjects: 0.230200 ms CreateObjectMapping: 0.050100 ms MarkObjects: 14.535800 ms  DeleteObjects: 0.067800 ms)

